Grammar

    0 $accept: Program $end

    1 Program: ExtDefList

    2 ExtDefList: %empty
    3           | ExtDef ExtDefList

    4 ExtDef: Specifier ExtDecList SEMI
    5       | Specifier SEMI
    6       | Specifier FunDec CompSt

    7 ExtDecList: VarDec
    8           | VarDec COMMA ExtDecList

    9 Specifier: TYPE
   10          | StructSpecifier

   11 StructSpecifier: STRUCT OptTag LC DefList RC
   12                | STRUCT Tag

   13 OptTag: %empty
   14       | ID

   15 Tag: ID

   16 VarDec: ID
   17       | VarDec LB INT RB
   18       | VarDec LB error RB

   19 FunDec: ID LP VarList RP
   20       | ID LP error RP
   21       | ID LP RP

   22 VarList: ParamDec COMMA VarList
   23        | ParamDec

   24 ParamDec: Specifier VarDec

   25 CompSt: LC DefList StmtList RC

   26 StmtList: %empty
   27         | Stmt StmtList

   28 Stmt: Exp SEMI
   29     | CompSt
   30     | RETURN Exp SEMI
   31     | IF LP Exp RP Stmt
   32     | IF LP Exp RP Stmt ELSE Stmt
   33     | WHILE LP Exp RP Stmt

   34 DefList: %empty
   35        | Def DefList

   36 Def: Specifier DecList SEMI

   37 DecList: Dec
   38        | Dec COMMA DecList

   39 Dec: VarDec
   40    | VarDec ASSIGNOP Exp

   41 Exp: Exp ASSIGNOP Exp
   42    | Exp AND Exp
   43    | Exp OR Exp
   44    | Exp RELOP Exp
   45    | Exp PLUS Exp
   46    | Exp MINUS Exp
   47    | Exp STAR Exp
   48    | Exp DIV Exp
   49    | LP Exp RP
   50    | MINUS Exp
   51    | NOT Exp
   52    | ID LP Args RP
   53    | ID LP RP
   54    | Exp LB Exp RB
   55    | Exp DOT ID
   56    | ID
   57    | INT
   58    | FLOAT

   59 Args: Exp COMMA Args
   60     | Exp


Terminals, with rules where they appear

$end (0) 0
error (256) 18 20
SEMI (258) 4 5 28 30 36
COMMA (259) 8 22 38 59
ASSIGNOP (260) 40 41
RELOP (261) 44
PLUS (262) 45
MINUS (263) 46 50
STAR (264) 47
DIV (265) 48
AND (266) 42
OR (267) 43
DOT (268) 55
NOT (269) 51
TYPE (270) 9
LP (271) 19 20 21 31 32 33 49 52 53
RP (272) 19 20 21 31 32 33 49 52 53
LB (273) 17 18 54
RB (274) 17 18 54
LC (275) 11 25
RC (276) 11 25
STRUCT (277) 11 12
RETURN (278) 30
IF (279) 31 32
ELSE (280) 32
WHILE (281) 33
INT (282) 17 57
FLOAT (283) 58
ID (284) 14 15 16 19 20 21 52 53 55 56
UMINUS (285)
LOWER_THAN_ELSE (286)


Nonterminals, with rules where they appear

$accept (32)
    on left: 0
Program (33)
    on left: 1, on right: 0
ExtDefList (34)
    on left: 2 3, on right: 1 3
ExtDef (35)
    on left: 4 5 6, on right: 3
ExtDecList (36)
    on left: 7 8, on right: 4 8
Specifier (37)
    on left: 9 10, on right: 4 5 6 24 36
StructSpecifier (38)
    on left: 11 12, on right: 10
OptTag (39)
    on left: 13 14, on right: 11
Tag (40)
    on left: 15, on right: 12
VarDec (41)
    on left: 16 17 18, on right: 7 8 17 18 24 39 40
FunDec (42)
    on left: 19 20 21, on right: 6
VarList (43)
    on left: 22 23, on right: 19 22
ParamDec (44)
    on left: 24, on right: 22 23
CompSt (45)
    on left: 25, on right: 6 29
StmtList (46)
    on left: 26 27, on right: 25 27
Stmt (47)
    on left: 28 29 30 31 32 33, on right: 27 31 32 33
DefList (48)
    on left: 34 35, on right: 11 25 35
Def (49)
    on left: 36, on right: 35
DecList (50)
    on left: 37 38, on right: 36 38
Dec (51)
    on left: 39 40, on right: 37 38
Exp (52)
    on left: 41 42 43 44 45 46 47 48 49 50 51 52 53 54 55 56 57 58,
    on right: 28 30 31 32 33 40 41 42 43 44 45 46 47 48 49 50 51 54
    55 59 60
Args (53)
    on left: 59 60, on right: 52 59


State 0

    0 $accept: . Program $end

    TYPE    shift, and go to state 1
    STRUCT  shift, and go to state 2

    $default  reduce using rule 2 (ExtDefList)

    Program          go to state 3
    ExtDefList       go to state 4
    ExtDef           go to state 5
    Specifier        go to state 6
    StructSpecifier  go to state 7


State 1

    9 Specifier: TYPE .

    $default  reduce using rule 9 (Specifier)


State 2

   11 StructSpecifier: STRUCT . OptTag LC DefList RC
   12                | STRUCT . Tag

    ID  shift, and go to state 8

    $default  reduce using rule 13 (OptTag)

    OptTag  go to state 9
    Tag     go to state 10


State 3

    0 $accept: Program . $end

    $end  shift, and go to state 11


State 4

    1 Program: ExtDefList .

    $default  reduce using rule 1 (Program)


State 5

    3 ExtDefList: ExtDef . ExtDefList

    TYPE    shift, and go to state 1
    STRUCT  shift, and go to state 2

    $default  reduce using rule 2 (ExtDefList)

    ExtDefList       go to state 12
    ExtDef           go to state 5
    Specifier        go to state 6
    StructSpecifier  go to state 7


State 6

    4 ExtDef: Specifier . ExtDecList SEMI
    5       | Specifier . SEMI
    6       | Specifier . FunDec CompSt

    SEMI  shift, and go to state 13
    ID    shift, and go to state 14

    ExtDecList  go to state 15
    VarDec      go to state 16
    FunDec      go to state 17


State 7

   10 Specifier: StructSpecifier .

    $default  reduce using rule 10 (Specifier)


State 8

   14 OptTag: ID .
   15 Tag: ID .

    LC        reduce using rule 14 (OptTag)
    $default  reduce using rule 15 (Tag)


State 9

   11 StructSpecifier: STRUCT OptTag . LC DefList RC

    LC  shift, and go to state 18


State 10

   12 StructSpecifier: STRUCT Tag .

    $default  reduce using rule 12 (StructSpecifier)


State 11

    0 $accept: Program $end .

    $default  accept


State 12

    3 ExtDefList: ExtDef ExtDefList .

    $default  reduce using rule 3 (ExtDefList)


State 13

    5 ExtDef: Specifier SEMI .

    $default  reduce using rule 5 (ExtDef)


State 14

   16 VarDec: ID .
   19 FunDec: ID . LP VarList RP
   20       | ID . LP error RP
   21       | ID . LP RP

    LP  shift, and go to state 19

    $default  reduce using rule 16 (VarDec)


State 15

    4 ExtDef: Specifier ExtDecList . SEMI

    SEMI  shift, and go to state 20


State 16

    7 ExtDecList: VarDec .
    8           | VarDec . COMMA ExtDecList
   17 VarDec: VarDec . LB INT RB
   18       | VarDec . LB error RB

    COMMA  shift, and go to state 21
    LB     shift, and go to state 22

    $default  reduce using rule 7 (ExtDecList)


State 17

    6 ExtDef: Specifier FunDec . CompSt

    LC  shift, and go to state 23

    CompSt  go to state 24


State 18

   11 StructSpecifier: STRUCT OptTag LC . DefList RC

    TYPE    shift, and go to state 1
    STRUCT  shift, and go to state 2

    $default  reduce using rule 34 (DefList)

    Specifier        go to state 25
    StructSpecifier  go to state 7
    DefList          go to state 26
    Def              go to state 27


State 19

   19 FunDec: ID LP . VarList RP
   20       | ID LP . error RP
   21       | ID LP . RP

    error   shift, and go to state 28
    TYPE    shift, and go to state 1
    RP      shift, and go to state 29
    STRUCT  shift, and go to state 2

    Specifier        go to state 30
    StructSpecifier  go to state 7
    VarList          go to state 31
    ParamDec         go to state 32


State 20

    4 ExtDef: Specifier ExtDecList SEMI .

    $default  reduce using rule 4 (ExtDef)


State 21

    8 ExtDecList: VarDec COMMA . ExtDecList

    ID  shift, and go to state 33

    ExtDecList  go to state 34
    VarDec      go to state 16


State 22

   17 VarDec: VarDec LB . INT RB
   18       | VarDec LB . error RB

    error  shift, and go to state 35
    INT    shift, and go to state 36


State 23

   25 CompSt: LC . DefList StmtList RC

    TYPE    shift, and go to state 1
    STRUCT  shift, and go to state 2

    $default  reduce using rule 34 (DefList)

    Specifier        go to state 25
    StructSpecifier  go to state 7
    DefList          go to state 37
    Def              go to state 27


State 24

    6 ExtDef: Specifier FunDec CompSt .

    $default  reduce using rule 6 (ExtDef)


State 25

   36 Def: Specifier . DecList SEMI

    ID  shift, and go to state 33

    VarDec   go to state 38
    DecList  go to state 39
    Dec      go to state 40


State 26

   11 StructSpecifier: STRUCT OptTag LC DefList . RC

    RC  shift, and go to state 41


State 27

   35 DefList: Def . DefList

    TYPE    shift, and go to state 1
    STRUCT  shift, and go to state 2

    $default  reduce using rule 34 (DefList)

    Specifier        go to state 25
    StructSpecifier  go to state 7
    DefList          go to state 42
    Def              go to state 27


State 28

   20 FunDec: ID LP error . RP

    RP  shift, and go to state 43


State 29

   21 FunDec: ID LP RP .

    $default  reduce using rule 21 (FunDec)


State 30

   24 ParamDec: Specifier . VarDec

    ID  shift, and go to state 33

    VarDec  go to state 44


State 31

   19 FunDec: ID LP VarList . RP

    RP  shift, and go to state 45


State 32

   22 VarList: ParamDec . COMMA VarList
   23        | ParamDec .

    COMMA  shift, and go to state 46

    $default  reduce using rule 23 (VarList)


State 33

   16 VarDec: ID .

    $default  reduce using rule 16 (VarDec)


State 34

    8 ExtDecList: VarDec COMMA ExtDecList .

    $default  reduce using rule 8 (ExtDecList)


State 35

   18 VarDec: VarDec LB error . RB

    RB  shift, and go to state 47


State 36

   17 VarDec: VarDec LB INT . RB

    RB  shift, and go to state 48


State 37

   25 CompSt: LC DefList . StmtList RC

    MINUS   shift, and go to state 49
    NOT     shift, and go to state 50
    LP      shift, and go to state 51
    LC      shift, and go to state 23
    RETURN  shift, and go to state 52
    IF      shift, and go to state 53
    WHILE   shift, and go to state 54
    INT     shift, and go to state 55
    FLOAT   shift, and go to state 56
    ID      shift, and go to state 57

    $default  reduce using rule 26 (StmtList)

    CompSt    go to state 58
    StmtList  go to state 59
    Stmt      go to state 60
    Exp       go to state 61


State 38

   17 VarDec: VarDec . LB INT RB
   18       | VarDec . LB error RB
   39 Dec: VarDec .
   40    | VarDec . ASSIGNOP Exp

    ASSIGNOP  shift, and go to state 62
    LB        shift, and go to state 22

    $default  reduce using rule 39 (Dec)


State 39

   36 Def: Specifier DecList . SEMI

    SEMI  shift, and go to state 63


State 40

   37 DecList: Dec .
   38        | Dec . COMMA DecList

    COMMA  shift, and go to state 64

    $default  reduce using rule 37 (DecList)


State 41

   11 StructSpecifier: STRUCT OptTag LC DefList RC .

    $default  reduce using rule 11 (StructSpecifier)


State 42

   35 DefList: Def DefList .

    $default  reduce using rule 35 (DefList)


State 43

   20 FunDec: ID LP error RP .

    $default  reduce using rule 20 (FunDec)


State 44

   17 VarDec: VarDec . LB INT RB
   18       | VarDec . LB error RB
   24 ParamDec: Specifier VarDec .

    LB  shift, and go to state 22

    $default  reduce using rule 24 (ParamDec)


State 45

   19 FunDec: ID LP VarList RP .

    $default  reduce using rule 19 (FunDec)


State 46

   22 VarList: ParamDec COMMA . VarList

    TYPE    shift, and go to state 1
    STRUCT  shift, and go to state 2

    Specifier        go to state 30
    StructSpecifier  go to state 7
    VarList          go to state 65
    ParamDec         go to state 32


State 47

   18 VarDec: VarDec LB error RB .

    $default  reduce using rule 18 (VarDec)


State 48

   17 VarDec: VarDec LB INT RB .

    $default  reduce using rule 17 (VarDec)


State 49

   50 Exp: MINUS . Exp

    MINUS  shift, and go to state 49
    NOT    shift, and go to state 50
    LP     shift, and go to state 51
    INT    shift, and go to state 55
    FLOAT  shift, and go to state 56
    ID     shift, and go to state 57

    Exp  go to state 66


State 50

   51 Exp: NOT . Exp

    MINUS  shift, and go to state 49
    NOT    shift, and go to state 50
    LP     shift, and go to state 51
    INT    shift, and go to state 55
    FLOAT  shift, and go to state 56
    ID     shift, and go to state 57

    Exp  go to state 67


State 51

   49 Exp: LP . Exp RP

    MINUS  shift, and go to state 49
    NOT    shift, and go to state 50
    LP     shift, and go to state 51
    INT    shift, and go to state 55
    FLOAT  shift, and go to state 56
    ID     shift, and go to state 57

    Exp  go to state 68


State 52

   30 Stmt: RETURN . Exp SEMI

    MINUS  shift, and go to state 49
    NOT    shift, and go to state 50
    LP     shift, and go to state 51
    INT    shift, and go to state 55
    FLOAT  shift, and go to state 56
    ID     shift, and go to state 57

    Exp  go to state 69


State 53

   31 Stmt: IF . LP Exp RP Stmt
   32     | IF . LP Exp RP Stmt ELSE Stmt

    LP  shift, and go to state 70


State 54

   33 Stmt: WHILE . LP Exp RP Stmt

    LP  shift, and go to state 71


State 55

   57 Exp: INT .

    $default  reduce using rule 57 (Exp)


State 56

   58 Exp: FLOAT .

    $default  reduce using rule 58 (Exp)


State 57

   52 Exp: ID . LP Args RP
   53    | ID . LP RP
   56    | ID .

    LP  shift, and go to state 72

    $default  reduce using rule 56 (Exp)


State 58

   29 Stmt: CompSt .

    $default  reduce using rule 29 (Stmt)


State 59

   25 CompSt: LC DefList StmtList . RC

    RC  shift, and go to state 73


State 60

   27 StmtList: Stmt . StmtList

    MINUS   shift, and go to state 49
    NOT     shift, and go to state 50
    LP      shift, and go to state 51
    LC      shift, and go to state 23
    RETURN  shift, and go to state 52
    IF      shift, and go to state 53
    WHILE   shift, and go to state 54
    INT     shift, and go to state 55
    FLOAT   shift, and go to state 56
    ID      shift, and go to state 57

    $default  reduce using rule 26 (StmtList)

    CompSt    go to state 58
    StmtList  go to state 74
    Stmt      go to state 60
    Exp       go to state 61


State 61

   28 Stmt: Exp . SEMI
   41 Exp: Exp . ASSIGNOP Exp
   42    | Exp . AND Exp
   43    | Exp . OR Exp
   44    | Exp . RELOP Exp
   45    | Exp . PLUS Exp
   46    | Exp . MINUS Exp
   47    | Exp . STAR Exp
   48    | Exp . DIV Exp
   54    | Exp . LB Exp RB
   55    | Exp . DOT ID

    SEMI      shift, and go to state 75
    ASSIGNOP  shift, and go to state 76
    RELOP     shift, and go to state 77
    PLUS      shift, and go to state 78
    MINUS     shift, and go to state 79
    STAR      shift, and go to state 80
    DIV       shift, and go to state 81
    AND       shift, and go to state 82
    OR        shift, and go to state 83
    DOT       shift, and go to state 84
    LB        shift, and go to state 85


State 62

   40 Dec: VarDec ASSIGNOP . Exp

    MINUS  shift, and go to state 49
    NOT    shift, and go to state 50
    LP     shift, and go to state 51
    INT    shift, and go to state 55
    FLOAT  shift, and go to state 56
    ID     shift, and go to state 57

    Exp  go to state 86


State 63

   36 Def: Specifier DecList SEMI .

    $default  reduce using rule 36 (Def)


State 64

   38 DecList: Dec COMMA . DecList

    ID  shift, and go to state 33

    VarDec   go to state 38
    DecList  go to state 87
    Dec      go to state 40


State 65

   22 VarList: ParamDec COMMA VarList .

    $default  reduce using rule 22 (VarList)


State 66

   41 Exp: Exp . ASSIGNOP Exp
   42    | Exp . AND Exp
   43    | Exp . OR Exp
   44    | Exp . RELOP Exp
   45    | Exp . PLUS Exp
   46    | Exp . MINUS Exp
   47    | Exp . STAR Exp
   48    | Exp . DIV Exp
   50    | MINUS Exp .
   54    | Exp . LB Exp RB
   55    | Exp . DOT ID

    DOT  shift, and go to state 84
    LB   shift, and go to state 85

    $default  reduce using rule 50 (Exp)


State 67

   41 Exp: Exp . ASSIGNOP Exp
   42    | Exp . AND Exp
   43    | Exp . OR Exp
   44    | Exp . RELOP Exp
   45    | Exp . PLUS Exp
   46    | Exp . MINUS Exp
   47    | Exp . STAR Exp
   48    | Exp . DIV Exp
   51    | NOT Exp .
   54    | Exp . LB Exp RB
   55    | Exp . DOT ID

    DOT  shift, and go to state 84
    LB   shift, and go to state 85

    $default  reduce using rule 51 (Exp)


State 68

   41 Exp: Exp . ASSIGNOP Exp
   42    | Exp . AND Exp
   43    | Exp . OR Exp
   44    | Exp . RELOP Exp
   45    | Exp . PLUS Exp
   46    | Exp . MINUS Exp
   47    | Exp . STAR Exp
   48    | Exp . DIV Exp
   49    | LP Exp . RP
   54    | Exp . LB Exp RB
   55    | Exp . DOT ID

    ASSIGNOP  shift, and go to state 76
    RELOP     shift, and go to state 77
    PLUS      shift, and go to state 78
    MINUS     shift, and go to state 79
    STAR      shift, and go to state 80
    DIV       shift, and go to state 81
    AND       shift, and go to state 82
    OR        shift, and go to state 83
    DOT       shift, and go to state 84
    RP        shift, and go to state 88
    LB        shift, and go to state 85


State 69

   30 Stmt: RETURN Exp . SEMI
   41 Exp: Exp . ASSIGNOP Exp
   42    | Exp . AND Exp
   43    | Exp . OR Exp
   44    | Exp . RELOP Exp
   45    | Exp . PLUS Exp
   46    | Exp . MINUS Exp
   47    | Exp . STAR Exp
   48    | Exp . DIV Exp
   54    | Exp . LB Exp RB
   55    | Exp . DOT ID

    SEMI      shift, and go to state 89
    ASSIGNOP  shift, and go to state 76
    RELOP     shift, and go to state 77
    PLUS      shift, and go to state 78
    MINUS     shift, and go to state 79
    STAR      shift, and go to state 80
    DIV       shift, and go to state 81
    AND       shift, and go to state 82
    OR        shift, and go to state 83
    DOT       shift, and go to state 84
    LB        shift, and go to state 85


State 70

   31 Stmt: IF LP . Exp RP Stmt
   32     | IF LP . Exp RP Stmt ELSE Stmt

    MINUS  shift, and go to state 49
    NOT    shift, and go to state 50
    LP     shift, and go to state 51
    INT    shift, and go to state 55
    FLOAT  shift, and go to state 56
    ID     shift, and go to state 57

    Exp  go to state 90


State 71

   33 Stmt: WHILE LP . Exp RP Stmt

    MINUS  shift, and go to state 49
    NOT    shift, and go to state 50
    LP     shift, and go to state 51
    INT    shift, and go to state 55
    FLOAT  shift, and go to state 56
    ID     shift, and go to state 57

    Exp  go to state 91


State 72

   52 Exp: ID LP . Args RP
   53    | ID LP . RP

    MINUS  shift, and go to state 49
    NOT    shift, and go to state 50
    LP     shift, and go to state 51
    RP     shift, and go to state 92
    INT    shift, and go to state 55
    FLOAT  shift, and go to state 56
    ID     shift, and go to state 57

    Exp   go to state 93
    Args  go to state 94


State 73

   25 CompSt: LC DefList StmtList RC .

    $default  reduce using rule 25 (CompSt)


State 74

   27 StmtList: Stmt StmtList .

    $default  reduce using rule 27 (StmtList)


State 75

   28 Stmt: Exp SEMI .

    $default  reduce using rule 28 (Stmt)


State 76

   41 Exp: Exp ASSIGNOP . Exp

    MINUS  shift, and go to state 49
    NOT    shift, and go to state 50
    LP     shift, and go to state 51
    INT    shift, and go to state 55
    FLOAT  shift, and go to state 56
    ID     shift, and go to state 57

    Exp  go to state 95


State 77

   44 Exp: Exp RELOP . Exp

    MINUS  shift, and go to state 49
    NOT    shift, and go to state 50
    LP     shift, and go to state 51
    INT    shift, and go to state 55
    FLOAT  shift, and go to state 56
    ID     shift, and go to state 57

    Exp  go to state 96


State 78

   45 Exp: Exp PLUS . Exp

    MINUS  shift, and go to state 49
    NOT    shift, and go to state 50
    LP     shift, and go to state 51
    INT    shift, and go to state 55
    FLOAT  shift, and go to state 56
    ID     shift, and go to state 57

    Exp  go to state 97


State 79

   46 Exp: Exp MINUS . Exp

    MINUS  shift, and go to state 49
    NOT    shift, and go to state 50
    LP     shift, and go to state 51
    INT    shift, and go to state 55
    FLOAT  shift, and go to state 56
    ID     shift, and go to state 57

    Exp  go to state 98


State 80

   47 Exp: Exp STAR . Exp

    MINUS  shift, and go to state 49
    NOT    shift, and go to state 50
    LP     shift, and go to state 51
    INT    shift, and go to state 55
    FLOAT  shift, and go to state 56
    ID     shift, and go to state 57

    Exp  go to state 99


State 81

   48 Exp: Exp DIV . Exp

    MINUS  shift, and go to state 49
    NOT    shift, and go to state 50
    LP     shift, and go to state 51
    INT    shift, and go to state 55
    FLOAT  shift, and go to state 56
    ID     shift, and go to state 57

    Exp  go to state 100


State 82

   42 Exp: Exp AND . Exp

    MINUS  shift, and go to state 49
    NOT    shift, and go to state 50
    LP     shift, and go to state 51
    INT    shift, and go to state 55
    FLOAT  shift, and go to state 56
    ID     shift, and go to state 57

    Exp  go to state 101


State 83

   43 Exp: Exp OR . Exp

    MINUS  shift, and go to state 49
    NOT    shift, and go to state 50
    LP     shift, and go to state 51
    INT    shift, and go to state 55
    FLOAT  shift, and go to state 56
    ID     shift, and go to state 57

    Exp  go to state 102


State 84

   55 Exp: Exp DOT . ID

    ID  shift, and go to state 103


State 85

   54 Exp: Exp LB . Exp RB

    MINUS  shift, and go to state 49
    NOT    shift, and go to state 50
    LP     shift, and go to state 51
    INT    shift, and go to state 55
    FLOAT  shift, and go to state 56
    ID     shift, and go to state 57

    Exp  go to state 104


State 86

   40 Dec: VarDec ASSIGNOP Exp .
   41 Exp: Exp . ASSIGNOP Exp
   42    | Exp . AND Exp
   43    | Exp . OR Exp
   44    | Exp . RELOP Exp
   45    | Exp . PLUS Exp
   46    | Exp . MINUS Exp
   47    | Exp . STAR Exp
   48    | Exp . DIV Exp
   54    | Exp . LB Exp RB
   55    | Exp . DOT ID

    ASSIGNOP  shift, and go to state 76
    RELOP     shift, and go to state 77
    PLUS      shift, and go to state 78
    MINUS     shift, and go to state 79
    STAR      shift, and go to state 80
    DIV       shift, and go to state 81
    AND       shift, and go to state 82
    OR        shift, and go to state 83
    DOT       shift, and go to state 84
    LB        shift, and go to state 85

    $default  reduce using rule 40 (Dec)


State 87

   38 DecList: Dec COMMA DecList .

    $default  reduce using rule 38 (DecList)


State 88

   49 Exp: LP Exp RP .

    $default  reduce using rule 49 (Exp)


State 89

   30 Stmt: RETURN Exp SEMI .

    $default  reduce using rule 30 (Stmt)


State 90

   31 Stmt: IF LP Exp . RP Stmt
   32     | IF LP Exp . RP Stmt ELSE Stmt
   41 Exp: Exp . ASSIGNOP Exp
   42    | Exp . AND Exp
   43    | Exp . OR Exp
   44    | Exp . RELOP Exp
   45    | Exp . PLUS Exp
   46    | Exp . MINUS Exp
   47    | Exp . STAR Exp
   48    | Exp . DIV Exp
   54    | Exp . LB Exp RB
   55    | Exp . DOT ID

    ASSIGNOP  shift, and go to state 76
    RELOP     shift, and go to state 77
    PLUS      shift, and go to state 78
    MINUS     shift, and go to state 79
    STAR      shift, and go to state 80
    DIV       shift, and go to state 81
    AND       shift, and go to state 82
    OR        shift, and go to state 83
    DOT       shift, and go to state 84
    RP        shift, and go to state 105
    LB        shift, and go to state 85


State 91

   33 Stmt: WHILE LP Exp . RP Stmt
   41 Exp: Exp . ASSIGNOP Exp
   42    | Exp . AND Exp
   43    | Exp . OR Exp
   44    | Exp . RELOP Exp
   45    | Exp . PLUS Exp
   46    | Exp . MINUS Exp
   47    | Exp . STAR Exp
   48    | Exp . DIV Exp
   54    | Exp . LB Exp RB
   55    | Exp . DOT ID

    ASSIGNOP  shift, and go to state 76
    RELOP     shift, and go to state 77
    PLUS      shift, and go to state 78
    MINUS     shift, and go to state 79
    STAR      shift, and go to state 80
    DIV       shift, and go to state 81
    AND       shift, and go to state 82
    OR        shift, and go to state 83
    DOT       shift, and go to state 84
    RP        shift, and go to state 106
    LB        shift, and go to state 85


State 92

   53 Exp: ID LP RP .

    $default  reduce using rule 53 (Exp)


State 93

   41 Exp: Exp . ASSIGNOP Exp
   42    | Exp . AND Exp
   43    | Exp . OR Exp
   44    | Exp . RELOP Exp
   45    | Exp . PLUS Exp
   46    | Exp . MINUS Exp
   47    | Exp . STAR Exp
   48    | Exp . DIV Exp
   54    | Exp . LB Exp RB
   55    | Exp . DOT ID
   59 Args: Exp . COMMA Args
   60     | Exp .

    COMMA     shift, and go to state 107
    ASSIGNOP  shift, and go to state 76
    RELOP     shift, and go to state 77
    PLUS      shift, and go to state 78
    MINUS     shift, and go to state 79
    STAR      shift, and go to state 80
    DIV       shift, and go to state 81
    AND       shift, and go to state 82
    OR        shift, and go to state 83
    DOT       shift, and go to state 84
    LB        shift, and go to state 85

    $default  reduce using rule 60 (Args)


State 94

   52 Exp: ID LP Args . RP

    RP  shift, and go to state 108


State 95

   41 Exp: Exp . ASSIGNOP Exp
   41    | Exp ASSIGNOP Exp .
   42    | Exp . AND Exp
   43    | Exp . OR Exp
   44    | Exp . RELOP Exp
   45    | Exp . PLUS Exp
   46    | Exp . MINUS Exp
   47    | Exp . STAR Exp
   48    | Exp . DIV Exp
   54    | Exp . LB Exp RB
   55    | Exp . DOT ID

    ASSIGNOP  shift, and go to state 76
    RELOP     shift, and go to state 77
    PLUS      shift, and go to state 78
    MINUS     shift, and go to state 79
    STAR      shift, and go to state 80
    DIV       shift, and go to state 81
    AND       shift, and go to state 82
    OR        shift, and go to state 83
    DOT       shift, and go to state 84
    LB        shift, and go to state 85

    $default  reduce using rule 41 (Exp)


State 96

   41 Exp: Exp . ASSIGNOP Exp
   42    | Exp . AND Exp
   43    | Exp . OR Exp
   44    | Exp . RELOP Exp
   44    | Exp RELOP Exp .
   45    | Exp . PLUS Exp
   46    | Exp . MINUS Exp
   47    | Exp . STAR Exp
   48    | Exp . DIV Exp
   54    | Exp . LB Exp RB
   55    | Exp . DOT ID

    PLUS   shift, and go to state 78
    MINUS  shift, and go to state 79
    STAR   shift, and go to state 80
    DIV    shift, and go to state 81
    DOT    shift, and go to state 84
    LB     shift, and go to state 85

    $default  reduce using rule 44 (Exp)


State 97

   41 Exp: Exp . ASSIGNOP Exp
   42    | Exp . AND Exp
   43    | Exp . OR Exp
   44    | Exp . RELOP Exp
   45    | Exp . PLUS Exp
   45    | Exp PLUS Exp .
   46    | Exp . MINUS Exp
   47    | Exp . STAR Exp
   48    | Exp . DIV Exp
   54    | Exp . LB Exp RB
   55    | Exp . DOT ID

    STAR  shift, and go to state 80
    DIV   shift, and go to state 81
    DOT   shift, and go to state 84
    LB    shift, and go to state 85

    $default  reduce using rule 45 (Exp)


State 98

   41 Exp: Exp . ASSIGNOP Exp
   42    | Exp . AND Exp
   43    | Exp . OR Exp
   44    | Exp . RELOP Exp
   45    | Exp . PLUS Exp
   46    | Exp . MINUS Exp
   46    | Exp MINUS Exp .
   47    | Exp . STAR Exp
   48    | Exp . DIV Exp
   54    | Exp . LB Exp RB
   55    | Exp . DOT ID

    STAR  shift, and go to state 80
    DIV   shift, and go to state 81
    DOT   shift, and go to state 84
    LB    shift, and go to state 85

    $default  reduce using rule 46 (Exp)


State 99

   41 Exp: Exp . ASSIGNOP Exp
   42    | Exp . AND Exp
   43    | Exp . OR Exp
   44    | Exp . RELOP Exp
   45    | Exp . PLUS Exp
   46    | Exp . MINUS Exp
   47    | Exp . STAR Exp
   47    | Exp STAR Exp .
   48    | Exp . DIV Exp
   54    | Exp . LB Exp RB
   55    | Exp . DOT ID

    DOT  shift, and go to state 84
    LB   shift, and go to state 85

    $default  reduce using rule 47 (Exp)


State 100

   41 Exp: Exp . ASSIGNOP Exp
   42    | Exp . AND Exp
   43    | Exp . OR Exp
   44    | Exp . RELOP Exp
   45    | Exp . PLUS Exp
   46    | Exp . MINUS Exp
   47    | Exp . STAR Exp
   48    | Exp . DIV Exp
   48    | Exp DIV Exp .
   54    | Exp . LB Exp RB
   55    | Exp . DOT ID

    DOT  shift, and go to state 84
    LB   shift, and go to state 85

    $default  reduce using rule 48 (Exp)


State 101

   41 Exp: Exp . ASSIGNOP Exp
   42    | Exp . AND Exp
   42    | Exp AND Exp .
   43    | Exp . OR Exp
   44    | Exp . RELOP Exp
   45    | Exp . PLUS Exp
   46    | Exp . MINUS Exp
   47    | Exp . STAR Exp
   48    | Exp . DIV Exp
   54    | Exp . LB Exp RB
   55    | Exp . DOT ID

    RELOP  shift, and go to state 77
    PLUS   shift, and go to state 78
    MINUS  shift, and go to state 79
    STAR   shift, and go to state 80
    DIV    shift, and go to state 81
    DOT    shift, and go to state 84
    LB     shift, and go to state 85

    $default  reduce using rule 42 (Exp)


State 102

   41 Exp: Exp . ASSIGNOP Exp
   42    | Exp . AND Exp
   43    | Exp . OR Exp
   43    | Exp OR Exp .
   44    | Exp . RELOP Exp
   45    | Exp . PLUS Exp
   46    | Exp . MINUS Exp
   47    | Exp . STAR Exp
   48    | Exp . DIV Exp
   54    | Exp . LB Exp RB
   55    | Exp . DOT ID

    RELOP  shift, and go to state 77
    PLUS   shift, and go to state 78
    MINUS  shift, and go to state 79
    STAR   shift, and go to state 80
    DIV    shift, and go to state 81
    AND    shift, and go to state 82
    DOT    shift, and go to state 84
    LB     shift, and go to state 85

    $default  reduce using rule 43 (Exp)


State 103

   55 Exp: Exp DOT ID .

    $default  reduce using rule 55 (Exp)


State 104

   41 Exp: Exp . ASSIGNOP Exp
   42    | Exp . AND Exp
   43    | Exp . OR Exp
   44    | Exp . RELOP Exp
   45    | Exp . PLUS Exp
   46    | Exp . MINUS Exp
   47    | Exp . STAR Exp
   48    | Exp . DIV Exp
   54    | Exp . LB Exp RB
   54    | Exp LB Exp . RB
   55    | Exp . DOT ID

    ASSIGNOP  shift, and go to state 76
    RELOP     shift, and go to state 77
    PLUS      shift, and go to state 78
    MINUS     shift, and go to state 79
    STAR      shift, and go to state 80
    DIV       shift, and go to state 81
    AND       shift, and go to state 82
    OR        shift, and go to state 83
    DOT       shift, and go to state 84
    LB        shift, and go to state 85
    RB        shift, and go to state 109


State 105

   31 Stmt: IF LP Exp RP . Stmt
   32     | IF LP Exp RP . Stmt ELSE Stmt

    MINUS   shift, and go to state 49
    NOT     shift, and go to state 50
    LP      shift, and go to state 51
    LC      shift, and go to state 23
    RETURN  shift, and go to state 52
    IF      shift, and go to state 53
    WHILE   shift, and go to state 54
    INT     shift, and go to state 55
    FLOAT   shift, and go to state 56
    ID      shift, and go to state 57

    CompSt  go to state 58
    Stmt    go to state 110
    Exp     go to state 61


State 106

   33 Stmt: WHILE LP Exp RP . Stmt

    MINUS   shift, and go to state 49
    NOT     shift, and go to state 50
    LP      shift, and go to state 51
    LC      shift, and go to state 23
    RETURN  shift, and go to state 52
    IF      shift, and go to state 53
    WHILE   shift, and go to state 54
    INT     shift, and go to state 55
    FLOAT   shift, and go to state 56
    ID      shift, and go to state 57

    CompSt  go to state 58
    Stmt    go to state 111
    Exp     go to state 61


State 107

   59 Args: Exp COMMA . Args

    MINUS  shift, and go to state 49
    NOT    shift, and go to state 50
    LP     shift, and go to state 51
    INT    shift, and go to state 55
    FLOAT  shift, and go to state 56
    ID     shift, and go to state 57

    Exp   go to state 93
    Args  go to state 112


State 108

   52 Exp: ID LP Args RP .

    $default  reduce using rule 52 (Exp)


State 109

   54 Exp: Exp LB Exp RB .

    $default  reduce using rule 54 (Exp)


State 110

   31 Stmt: IF LP Exp RP Stmt .
   32     | IF LP Exp RP Stmt . ELSE Stmt

    ELSE  shift, and go to state 113

    $default  reduce using rule 31 (Stmt)


State 111

   33 Stmt: WHILE LP Exp RP Stmt .

    $default  reduce using rule 33 (Stmt)


State 112

   59 Args: Exp COMMA Args .

    $default  reduce using rule 59 (Args)


State 113

   32 Stmt: IF LP Exp RP Stmt ELSE . Stmt

    MINUS   shift, and go to state 49
    NOT     shift, and go to state 50
    LP      shift, and go to state 51
    LC      shift, and go to state 23
    RETURN  shift, and go to state 52
    IF      shift, and go to state 53
    WHILE   shift, and go to state 54
    INT     shift, and go to state 55
    FLOAT   shift, and go to state 56
    ID      shift, and go to state 57

    CompSt  go to state 58
    Stmt    go to state 114
    Exp     go to state 61


State 114

   32 Stmt: IF LP Exp RP Stmt ELSE Stmt .

    $default  reduce using rule 32 (Stmt)
